[2018-08-27T15:15:55.897] [INFO] default - process controller: AbnormalController.js...
[2018-08-27T15:15:55.990] [INFO] default - register URL mapping: PUT /res/abnormal/realtime
[2018-08-27T15:15:55.991] [INFO] default - register URL mapping: PUT /res/abnormal/history
[2018-08-27T15:15:55.991] [INFO] default - process controller: AttributeController.js...
[2018-08-27T15:15:55.992] [INFO] default - register URL mapping: PUT /res/attribute
[2018-08-27T15:15:55.992] [INFO] default - process controller: TrackController.js...
[2018-08-27T15:15:55.993] [INFO] default - register URL mapping: PUT /res/track/
[2018-08-27T15:15:55.993] [INFO] default - process controller: VideoController.js...
[2018-08-27T15:15:56.010] [INFO] default - register URL mapping: POST /res/getCameraVideo
[2018-08-27T15:15:56.010] [INFO] default - register URL mapping: POST /res/delCameraVideo
[2018-08-27T15:15:56.013] [INFO] default - Server started and listen on port 6090。时间：2018-08-27 15:15:01
[2018-08-27T15:15:59.402] [INFO] default - process controller: AbnormalController.js...
[2018-08-27T15:15:59.521] [INFO] default - register URL mapping: PUT /res/abnormal/realtime
[2018-08-27T15:15:59.522] [INFO] default - register URL mapping: PUT /res/abnormal/history
[2018-08-27T15:15:59.522] [INFO] default - process controller: AttributeController.js...
[2018-08-27T15:15:59.524] [INFO] default - register URL mapping: PUT /res/attribute
[2018-08-27T15:15:59.524] [INFO] default - process controller: TrackController.js...
[2018-08-27T15:15:59.526] [INFO] default - register URL mapping: PUT /res/track/
[2018-08-27T15:15:59.526] [INFO] default - process controller: VideoController.js...
[2018-08-27T15:15:59.577] [INFO] default - register URL mapping: POST /res/getCameraVideo
[2018-08-27T15:15:59.577] [INFO] default - register URL mapping: POST /res/delCameraVideo
[2018-08-27T15:15:59.581] [INFO] default - Server started and listen on port 6090。时间：2018-08-27 15:15:58
[2018-08-27T15:16:46.580] [INFO] default - process controller: AbnormalController.js...
[2018-08-27T15:16:46.702] [INFO] default - register URL mapping: PUT /res/abnormal/realtime
[2018-08-27T15:16:46.702] [INFO] default - register URL mapping: PUT /res/abnormal/history
[2018-08-27T15:16:46.702] [INFO] default - process controller: AttributeController.js...
[2018-08-27T15:16:46.705] [INFO] default - register URL mapping: PUT /res/attribute
[2018-08-27T15:16:46.705] [INFO] default - process controller: TrackController.js...
[2018-08-27T15:16:46.707] [INFO] default - register URL mapping: PUT /res/track/
[2018-08-27T15:16:46.707] [INFO] default - process controller: VideoController.js...
[2018-08-27T15:16:46.761] [INFO] default - register URL mapping: POST /res/getCameraVideo
[2018-08-27T15:16:46.761] [INFO] default - register URL mapping: POST /res/delCameraVideo
[2018-08-27T15:16:46.765] [INFO] default - Server started and listen on port 6090。时间：2018-08-27 15:16:76
[2018-08-27T15:47:49.123] [ERROR] default - ffmpeg(...).inputOptions(...).on(...).start is not a function
[2018-08-27T15:47:49.142] [ERROR] default - ffmpeg(...).inputOptions(...).on(...).start is not a function
